2019-11-08 13:48:41,148 INFO (StartupInfoLogger.java:50)- Starting VideoSiteApiApplication on DESKTOP-CVMCHK1 with PID 18116 (D:\work-----1\video_box_new\video_site_api\target\classes started by Administrator in D:\work-----1\video_box_new)
2019-11-08 13:48:41,154 DEBUG (StartupInfoLogger.java:53)- Running with Spring Boot v2.1.5.RELEASE, Spring v5.1.7.RELEASE
2019-11-08 13:48:41,154 INFO (SpringApplication.java:675)- No active profile set, falling back to default profiles: default
2019-11-08 13:48:47,164 DEBUG (BaseJdbcLogger.java:143)- ==>  Preparing: SELECT id,name,type_code,parent_id,permit_code,icon,sort,url,create_date,verification FROM sys_resource ORDER BY type_code DESC , sort ASC 
2019-11-08 13:48:47,253 DEBUG (BaseJdbcLogger.java:143)- ==> Parameters: 
2019-11-08 13:48:47,335 DEBUG (BaseJdbcLogger.java:143)- <==      Total: 141
2019-11-08 13:48:54,040 INFO (StartupInfoLogger.java:59)- Started VideoSiteApiApplication in 13.468 seconds (JVM running for 14.762)
2019-11-08 13:52:30,263 INFO (StartupInfoLogger.java:50)- Starting VideoSiteApiApplication on DESKTOP-CVMCHK1 with PID 18684 (D:\work-----1\video_box_new\video_site_api\target\classes started by Administrator in D:\work-----1\video_box_new)
2019-11-08 13:52:30,265 DEBUG (StartupInfoLogger.java:53)- Running with Spring Boot v2.1.5.RELEASE, Spring v5.1.7.RELEASE
2019-11-08 13:52:30,266 INFO (SpringApplication.java:675)- No active profile set, falling back to default profiles: default
2019-11-08 13:52:36,668 DEBUG (BaseJdbcLogger.java:143)- ==>  Preparing: SELECT id,name,type_code,parent_id,permit_code,icon,sort,url,create_date,verification FROM sys_resource ORDER BY type_code DESC , sort ASC 
2019-11-08 13:52:36,761 DEBUG (BaseJdbcLogger.java:143)- ==> Parameters: 
2019-11-08 13:52:36,857 DEBUG (BaseJdbcLogger.java:143)- <==      Total: 141
2019-11-08 13:52:43,839 INFO (StartupInfoLogger.java:59)- Started VideoSiteApiApplication in 14.001 seconds (JVM running for 15.593)
2019-11-08 14:00:25,188 INFO (StartupInfoLogger.java:50)- Starting VideoSiteApiApplication on DESKTOP-CVMCHK1 with PID 18684 (D:\work-----1\video_box_new\video_site_api\target\classes started by Administrator in D:\work-----1\video_box_new)
2019-11-08 14:00:25,189 DEBUG (StartupInfoLogger.java:53)- Running with Spring Boot v2.1.5.RELEASE, Spring v5.1.7.RELEASE
2019-11-08 14:00:25,189 INFO (SpringApplication.java:675)- No active profile set, falling back to default profiles: default
2019-11-08 14:00:29,297 DEBUG (BaseJdbcLogger.java:143)- ==>  Preparing: SELECT id,name,type_code,parent_id,permit_code,icon,sort,url,create_date,verification FROM sys_resource ORDER BY type_code DESC , sort ASC 
2019-11-08 14:00:29,302 DEBUG (BaseJdbcLogger.java:143)- ==> Parameters: 
2019-11-08 14:00:29,357 DEBUG (BaseJdbcLogger.java:143)- <==      Total: 141
2019-11-08 14:00:36,086 INFO (StartupInfoLogger.java:59)- Started VideoSiteApiApplication in 10.941 seconds (JVM running for 487.84)
2019-11-08 14:13:34,861 INFO (StartupInfoLogger.java:50)- Starting VideoSiteApiApplication on DESKTOP-CVMCHK1 with PID 18684 (D:\work-----1\video_box_new\video_site_api\target\classes started by Administrator in D:\work-----1\video_box_new)
2019-11-08 14:13:34,862 DEBUG (StartupInfoLogger.java:53)- Running with Spring Boot v2.1.5.RELEASE, Spring v5.1.7.RELEASE
2019-11-08 14:13:34,863 INFO (SpringApplication.java:675)- No active profile set, falling back to default profiles: default
2019-11-08 14:14:27,067 INFO (StartupInfoLogger.java:50)- Starting VideoSiteApiApplication on DESKTOP-CVMCHK1 with PID 18684 (D:\work-----1\video_box_new\video_site_api\target\classes started by Administrator in D:\work-----1\video_box_new)
2019-11-08 14:14:27,106 DEBUG (StartupInfoLogger.java:53)- Running with Spring Boot v2.1.5.RELEASE, Spring v5.1.7.RELEASE
2019-11-08 14:14:27,106 INFO (SpringApplication.java:675)- No active profile set, falling back to default profiles: default
2019-11-08 14:14:32,052 DEBUG (BaseJdbcLogger.java:143)- ==>  Preparing: SELECT id,name,type_code,parent_id,permit_code,icon,sort,url,create_date,verification FROM sys_resource ORDER BY type_code DESC , sort ASC 
2019-11-08 14:14:32,057 DEBUG (BaseJdbcLogger.java:143)- ==> Parameters: 
2019-11-08 14:14:32,106 DEBUG (BaseJdbcLogger.java:143)- <==      Total: 141
2019-11-08 14:14:38,864 INFO (StartupInfoLogger.java:59)- Started VideoSiteApiApplication in 11.912 seconds (JVM running for 1330.618)
2019-11-08 14:15:56,066 INFO (StartupInfoLogger.java:50)- Starting VideoSiteApiApplication on DESKTOP-CVMCHK1 with PID 18684 (D:\work-----1\video_box_new\video_site_api\target\classes started by Administrator in D:\work-----1\video_box_new)
2019-11-08 14:15:56,066 DEBUG (StartupInfoLogger.java:53)- Running with Spring Boot v2.1.5.RELEASE, Spring v5.1.7.RELEASE
2019-11-08 14:15:56,066 INFO (SpringApplication.java:675)- No active profile set, falling back to default profiles: default
2019-11-08 14:16:02,936 DEBUG (BaseJdbcLogger.java:143)- ==>  Preparing: SELECT id,name,type_code,parent_id,permit_code,icon,sort,url,create_date,verification FROM sys_resource ORDER BY type_code DESC , sort ASC 
2019-11-08 14:16:02,942 DEBUG (BaseJdbcLogger.java:143)- ==> Parameters: 
2019-11-08 14:16:03,014 DEBUG (BaseJdbcLogger.java:143)- <==      Total: 141
2019-11-08 14:16:09,550 INFO (StartupInfoLogger.java:59)- Started VideoSiteApiApplication in 13.531 seconds (JVM running for 1421.304)
2019-11-08 14:18:44,115 INFO (StartupInfoLogger.java:50)- Starting VideoSiteApiApplication on DESKTOP-CVMCHK1 with PID 18684 (D:\work-----1\video_box_new\video_site_api\target\classes started by Administrator in D:\work-----1\video_box_new)
2019-11-08 14:18:44,115 DEBUG (StartupInfoLogger.java:53)- Running with Spring Boot v2.1.5.RELEASE, Spring v5.1.7.RELEASE
2019-11-08 14:18:44,115 INFO (SpringApplication.java:675)- No active profile set, falling back to default profiles: default
2019-11-08 14:18:47,541 DEBUG (BaseJdbcLogger.java:143)- ==>  Preparing: SELECT id,name,type_code,parent_id,permit_code,icon,sort,url,create_date,verification FROM sys_resource ORDER BY type_code DESC , sort ASC 
2019-11-08 14:18:47,545 DEBUG (BaseJdbcLogger.java:143)- ==> Parameters: 
2019-11-08 14:18:47,591 DEBUG (BaseJdbcLogger.java:143)- <==      Total: 141
2019-11-08 14:18:54,851 INFO (StartupInfoLogger.java:59)- Started VideoSiteApiApplication in 10.775 seconds (JVM running for 1586.605)
2019-11-08 14:24:52,937 INFO (StartupInfoLogger.java:50)- Starting VideoSiteApiApplication on DESKTOP-CVMCHK1 with PID 18684 (D:\work-----1\video_box_new\video_site_api\target\classes started by Administrator in D:\work-----1\video_box_new)
2019-11-08 14:24:52,938 DEBUG (StartupInfoLogger.java:53)- Running with Spring Boot v2.1.5.RELEASE, Spring v5.1.7.RELEASE
2019-11-08 14:24:52,938 INFO (SpringApplication.java:675)- No active profile set, falling back to default profiles: default
2019-11-08 14:24:58,838 DEBUG (BaseJdbcLogger.java:143)- ==>  Preparing: SELECT id,name,type_code,parent_id,permit_code,icon,sort,url,create_date,verification FROM sys_resource ORDER BY type_code DESC , sort ASC 
2019-11-08 14:24:58,843 DEBUG (BaseJdbcLogger.java:143)- ==> Parameters: 
2019-11-08 14:24:58,887 DEBUG (BaseJdbcLogger.java:143)- <==      Total: 141
2019-11-08 14:25:05,396 INFO (StartupInfoLogger.java:59)- Started VideoSiteApiApplication in 12.528 seconds (JVM running for 1957.15)
2019-11-08 14:33:21,996 INFO (StartupInfoLogger.java:50)- Starting VideoSiteApiApplication on DESKTOP-CVMCHK1 with PID 18684 (D:\work-----1\video_box_new\video_site_api\target\classes started by Administrator in D:\work-----1\video_box_new)
2019-11-08 14:33:21,996 DEBUG (StartupInfoLogger.java:53)- Running with Spring Boot v2.1.5.RELEASE, Spring v5.1.7.RELEASE
2019-11-08 14:33:21,997 INFO (SpringApplication.java:675)- No active profile set, falling back to default profiles: default
2019-11-08 14:33:26,620 DEBUG (BaseJdbcLogger.java:143)- ==>  Preparing: SELECT id,name,type_code,parent_id,permit_code,icon,sort,url,create_date,verification FROM sys_resource ORDER BY type_code DESC , sort ASC 
2019-11-08 14:33:26,624 DEBUG (BaseJdbcLogger.java:143)- ==> Parameters: 
2019-11-08 14:33:26,667 DEBUG (BaseJdbcLogger.java:143)- <==      Total: 141
2019-11-08 14:33:32,938 INFO (StartupInfoLogger.java:59)- Started VideoSiteApiApplication in 11.014 seconds (JVM running for 2464.692)
